<?xml version="1.0" encoding="UTF-8"?>
<!-- Generated by org.testng.reporters.JUnitReportReporter -->
<testsuite hostname="KETTLE" name="com.test.TestCode" tests="1" failures="0" timestamp="7 Jan 2015 05:48:18 GMT" time="0.000" errors="0">
  <testcase name="testMain" time="0.000" classname="com.test.TestCode"/>
</testsuite>
